\BOOKMARK [0][-]{chapter.1}{Overview of Supervised Learning}{}% 1
\BOOKMARK [1][-]{section.1.1}{Least Squares and Nearest Neighbors}{chapter.1}% 2
\BOOKMARK [2][-]{subsection.1.1.1}{Linear Regression Models and Least Squares}{section.1.1}% 3
\BOOKMARK [2][-]{subsection.1.1.2}{Nearest-Neighbor Methods}{section.1.1}% 4
\BOOKMARK [2][-]{subsection.1.1.3}{From Least Squares to Nearest Neighbors}{section.1.1}% 5
\BOOKMARK [1][-]{section.1.2}{Statistical Decision Theory}{chapter.1}% 6
\BOOKMARK [2][-]{subsection.1.2.1}{Quantitative output}{section.1.2}% 7
\BOOKMARK [2][-]{subsection.1.2.2}{Categorical output}{section.1.2}% 8
\BOOKMARK [1][-]{section.1.3}{Local Methods in High Dimensions}{chapter.1}% 9
\BOOKMARK [1][-]{section.1.4}{Statistical Models, Supervised Learning and Function Approximation}{chapter.1}% 10
\BOOKMARK [2][-]{subsection.1.4.1}{A Statistical Model for the Joint Distribution Pr\(X,Y\)}{section.1.4}% 11
\BOOKMARK [0][-]{chapter.2}{Linear Methods for Regression}{}% 12
\BOOKMARK [1][-]{section.2.1}{Linear Regression Models and Least Squares}{chapter.2}% 13
\BOOKMARK [2][-]{subsection.2.1.1}{The Gauss-Markov Theorem}{section.2.1}% 14
\BOOKMARK [2][-]{subsection.2.1.2}{Multiple Regression from Simple Univariate Regression}{section.2.1}% 15
\BOOKMARK [2][-]{subsection.2.1.3}{Multiple Outputs}{section.2.1}% 16
\BOOKMARK [1][-]{section.2.2}{Subset Selection}{chapter.2}% 17
\BOOKMARK [2][-]{subsection.2.2.1}{Best-Subset Selection}{section.2.2}% 18
\BOOKMARK [2][-]{subsection.2.2.2}{Forward- and Backward-Stepwise Selection}{section.2.2}% 19
\BOOKMARK [1][-]{section.2.3}{Shrinkage Methods}{chapter.2}% 20
\BOOKMARK [2][-]{subsection.2.3.1}{Ridge Regression}{section.2.3}% 21
\BOOKMARK [2][-]{subsection.2.3.2}{Lasso Regression}{section.2.3}% 22
\BOOKMARK [2][-]{subsection.2.3.3}{Discussion: Subset Selection, Ridge Regression and the Lasso}{section.2.3}% 23
\BOOKMARK [2][-]{subsection.2.3.4}{Least Angle Regression\(LAR\)}{section.2.3}% 24
\BOOKMARK [1][-]{section.2.4}{Methods of Derived Input Directions}{chapter.2}% 25
\BOOKMARK [2][-]{subsection.2.4.1}{Principal Components Regression}{section.2.4}% 26
\BOOKMARK [2][-]{subsection.2.4.2}{Partial Least Squares}{section.2.4}% 27
\BOOKMARK [1][-]{section.2.5}{A Comparison of the Selection and Shrinkage Methods}{chapter.2}% 28
\BOOKMARK [1][-]{section.2.6}{Multiple Outcome Shrinkage and Selection}{chapter.2}% 29
\BOOKMARK [1][-]{section.2.7}{More on the Lasso and Related Path Algorithms}{chapter.2}% 30
\BOOKMARK [1][-]{section.2.8}{Computational Considerations}{chapter.2}% 31
\BOOKMARK [0][-]{chapter.3}{Linear Methods for Classification}{}% 32
\BOOKMARK [1][-]{section.3.1}{Introduction}{chapter.3}% 33
\BOOKMARK [1][-]{section.3.2}{Linear Regression of an Indication Matrix}{chapter.3}% 34
\BOOKMARK [1][-]{section.3.3}{Linear Discriminant Analysis}{chapter.3}% 35
\BOOKMARK [2][-]{subsection.3.3.1}{Regularized Discriminant Analysis}{section.3.3}% 36
\BOOKMARK [2][-]{subsection.3.3.2}{Computations for LDA}{section.3.3}% 37
\BOOKMARK [2][-]{subsection.3.3.3}{Reduced-Rank Linear Discriminant Analysis}{section.3.3}% 38
\BOOKMARK [1][-]{section.3.4}{Logistic Regression}{chapter.3}% 39
\BOOKMARK [2][-]{subsection.3.4.1}{Fitting Logistic Regression Models}{section.3.4}% 40
\BOOKMARK [2][-]{subsection.3.4.2}{Quadratic Approximations and Interface}{section.3.4}% 41
\BOOKMARK [2][-]{subsection.3.4.3}{L1 Regularized Logistic Regression}{section.3.4}% 42
\BOOKMARK [2][-]{subsection.3.4.4}{Logistic Regression or LDA?}{section.3.4}% 43
\BOOKMARK [1][-]{section.3.5}{Separating Hyperplanes}{chapter.3}% 44
\BOOKMARK [2][-]{subsection.3.5.1}{Rosenblatt's Perceptron Learning Algorithm}{section.3.5}% 45
\BOOKMARK [2][-]{subsection.3.5.2}{Optimal Separating Hyperplanes}{section.3.5}% 46
\BOOKMARK [0][-]{chapter.4}{Basic Expansions And Regularization}{}% 47
\BOOKMARK [1][-]{section.4.1}{Introduction}{chapter.4}% 48
\BOOKMARK [1][-]{section.4.2}{Piecewise Polynomials and Splines}{chapter.4}% 49
\BOOKMARK [2][-]{subsection.4.2.1}{Natural Cubic Splines}{section.4.2}% 50
\BOOKMARK [1][-]{section.4.3}{Filtering and Feature Extraction}{chapter.4}% 51
\BOOKMARK [1][-]{section.4.4}{Smoothing Splines}{chapter.4}% 52
\BOOKMARK [2][-]{subsection.4.4.1}{Degrees of Freedom and Smoother Matrices}{section.4.4}% 53
\BOOKMARK [1][-]{section.4.5}{Automatic Selection of the Smoothing Parameters}{chapter.4}% 54
\BOOKMARK [2][-]{subsection.4.5.1}{Fixing the Degree of Freedom}{section.4.5}% 55
\BOOKMARK [2][-]{subsection.4.5.2}{The Bias-Variance Tradeoff}{section.4.5}% 56
\BOOKMARK [1][-]{section.4.6}{Nonparametric Logistic Regression}{chapter.4}% 57
\BOOKMARK [1][-]{section.4.7}{Multidimensional Splines}{chapter.4}% 58
\BOOKMARK [1][-]{section.4.8}{Regularization and Reproducing Kernel Hilbert Spaces}{chapter.4}% 59
\BOOKMARK [2][-]{subsection.4.8.1}{Spaces of Functions Generated by Kernels}{section.4.8}% 60
\BOOKMARK [2][-]{subsection.4.8.2}{Examples of RKHS}{section.4.8}% 61
\BOOKMARK [1][-]{section.4.9}{Wavelet Smoothing}{chapter.4}% 62
\BOOKMARK [2][-]{subsection.4.9.1}{Wavelet Bases and the Wavelet Transform}{section.4.9}% 63
\BOOKMARK [2][-]{subsection.4.9.2}{Adaptive Wavelet Filtering}{section.4.9}% 64
\BOOKMARK [0][-]{chapter.5}{Unsupervised Learning}{}% 65
\BOOKMARK [1][-]{section.5.1}{Principle Components, Curves and Surfaces}{chapter.5}% 66
\BOOKMARK [2][-]{subsection.5.1.1}{Principle Components}{section.5.1}% 67
